Hash: 3159615086, Qty: 497853
Hash: 2718300701, Qty: 11038
Hash: 2817410917, Qty: 12641
Hash: 1094197864, Qty: 3
Hash: 651626147, Qty: 5
Hash: 3036656991, Qty: 45
Hash: 2068842367, Qty: 30
Hash: 451915085, Qty: 3
Hash: 4019412287, Qty: 15
Hash: 1498161294, Qty: 9
Hash: 1583786617, Qty: 7
Hash: 2669877396, Qty: 6
Hash: 3034981848, Qty: 5
Hash: 2244763540, Qty: 18
Hash: 3369334256, Qty: 14
Hash: 412436772, Qty: 11
Hash: 857379656, Qty: 14
Hash: 3650458128, Qty: 14
Hash: 3068746935, Qty: 4
Hash: 2141889281, Qty: 5
Hash: 2442777035, Qty: 170
