Tracking Prevention blocked access to storage for <URL>.
Tracking Prevention blocked access to storage for <URL>.
Tracking Prevention blocked access to storage for <URL>.
Tracking Prevention blocked access to storage for <URL>.
Tracking Prevention blocked access to storage for <URL>.
Tracking Prevention blocked access to storage for <URL>.
Tracking Prevention blocked access to storage for <URL>.
Tracking Prevention blocked access to storage for <URL>.
Tracking Prevention blocked access to storage for <URL>.
Tracking Prevention blocked access to storage for <URL>.
Tracking Prevention blocked access to storage for <URL>.
Tracking Prevention blocked access to storage for <URL>.
Tracking Prevention blocked access to storage for <URL>.
Tracking Prevention blocked access to storage for <URL>.
Tracking Prevention blocked access to storage for <URL>.
Tracking Prevention blocked access to storage for <URL>.
Tracking Prevention blocked access to storage for <URL>.
Tracking Prevention blocked access to storage for <URL>.
Tracking Prevention blocked access to storage for <URL>.
Tracking Prevention blocked access to storage for <URL>.
Tracking Prevention blocked access to storage for <URL>.
Tracking Prevention blocked access to storage for <URL>.
Tracking Prevention blocked access to storage for <URL>.
Tracking Prevention blocked access to storage for <URL>.
three.tgxmaterial.js:163 [TGXMaterial] Loaded v2 (ES6 class)
D2TGXLoader.js:1381 [D2TGXLoader] Loaded v2
viewer.js:88 [Guardian3D] Lighting setup complete
viewer.js:59 [Guardian3D] Viewer initialized
viewer.js:130 [Guardian3D] PBR environment generated with Studio Panels
viewer.js:583 [Guardian3D] Placeholder shown for class: 1
viewer.js:608 [Guardian3D] Received from WPF: Object
viewer.js:389 [Guardian3D] Loading guardian...
viewer.js:390 [Guardian3D] Items: Array(5)
viewer.js:391 [Guardian3D] Shaders: Array(5) Non-zero: 5
viewer.js:395 [Guardian3D] Trying D2TGXLoader (real guardian model)...
D2TGXLoader.js:328 [D2TGXLoader] Loading items: Array(5)
D2TGXLoader.js:329 [D2TGXLoader] With shaders: Array(5)
D2TGXLoader.js:330 [D2TGXLoader] With ornaments: Array(0)
D2TGXLoader.js:417 [D2TGXLoader] Got gear asset for 4112577340
D2TGXLoader.js:370 [D2TGXLoader] Loading shader dyes for hash: 4248210736
D2TGXLoader.js:433 [D2TGXLoader] Fetching shader definition: 4248210736
D2TGXLoader.js:442 [D2TGXLoader] Shader definition response keys: Array(37)
D2TGXLoader.js:449 [D2TGXLoader] Shader definition: {"displayProperties":{"description":"Restores your gear to its default colors.","name":"Default Shader","icon":"/common/destiny2_content/icons/96831e244728f0350340bb7d5d05b463.png","iconHash":549360680,"hasIcon":true},"tooltipNotifications":[],"backgroundColor":{"red":178,"green":178,"blue":178,"alpha":255},"isFeaturedItem":false,"isHolofoil":false,"isAdept":false,"itemTypeDisplayName":"Restore Defaults","flavorText":"","uiItemDisplayStyle":"","itemTypeAndTierDisplayName":"Common Restore Default
D2TGXLoader.js:507 [D2TGXLoader] Found backgroundColor: Object
D2TGXLoader.js:513 [D2TGXLoader] Shader display: Default Shader
D2TGXLoader.js:518 [D2TGXLoader] Investment stats count: 0
D2TGXLoader.js:459 [D2TGXLoader] No colors found in shader definition, checking preview...
D2TGXLoader.js:463 [D2TGXLoader] Shader preview: Object
D2TGXLoader.js:466 [D2TGXLoader] Shader plug: Object
D2TGXLoader.js:552 [D2TGXLoader] Loading gear dye data: http://localhost:5050/api/gear/2ce29ca1e3122969e42886303da4feb3
D2TGXLoader.js:561 [D2TGXLoader] Got gear data keys: Array(4)
D2TGXLoader.js:579 [D2TGXLoader] default_dyes: 3 dyes
D2TGXLoader.js:602 [D2TGXLoader] Dye slot 0 primary: Array(4) secondary: Array(4)
D2TGXLoader.js:602 [D2TGXLoader] Dye slot 1 primary: Array(4) secondary: Array(4)
D2TGXLoader.js:602 [D2TGXLoader] Dye slot 2 primary: Array(4) secondary: Array(4)
D2TGXLoader.js:579 [D2TGXLoader] custom_dyes: 0 dyes
D2TGXLoader.js:579 [D2TGXLoader] locked_dyes: 0 dyes
D2TGXLoader.js:126 [D2TGXLoader] Extracted dyes by slot: Object
D2TGXLoader.js:182 [D2TGXLoader] Texture indices: Array(3)
D2TGXLoader.js:183 [D2TGXLoader] Dye indices: Array(7)
D2TGXLoader.js:184 [D2TGXLoader] All textures: 10
D2TGXLoader.js:190 [D2TGXLoader] Texture at index 7: 6581479b9cc84b0ad9b663ae7768d134.tgxm.bin
D2TGXLoader.js:190 [D2TGXLoader] Texture at index 8: 73e8d6c961baceae42a4523422281e92.tgxm.bin
D2TGXLoader.js:190 [D2TGXLoader] Texture at index 9: b09805c956b37300273673ce6e7a61da.tgxm.bin
D2TGXLoader.js:197 [D2TGXLoader] Dye Texture at index 0: 1fbee5e30ebaea5e561aa25885eb6d02.tgxm.bin
D2TGXLoader.js:197 [D2TGXLoader] Dye Texture at index 1: 1b7c3b9f2b1fabe4565786014fe49315.tgxm.bin
D2TGXLoader.js:197 [D2TGXLoader] Dye Texture at index 2: 181930b7e79298c9b429e970d3e23c35.tgxm.bin
D2TGXLoader.js:197 [D2TGXLoader] Dye Texture at index 3: b08b92234705df729f0bd02e822d272d.tgxm.bin
D2TGXLoader.js:197 [D2TGXLoader] Dye Texture at index 4: f2ff24879c53e3cdfaedd6f14829dc97.tgxm.bin
D2TGXLoader.js:197 [D2TGXLoader] Dye Texture at index 5: 212a8358fd01c431dd82ef5ca4302952.tgxm.bin
D2TGXLoader.js:197 [D2TGXLoader] Dye Texture at index 6: 537de912d0ae9b457f39c42a9a3b6522.tgxm.bin
D2TGXLoader.js:201 [D2TGXLoader] Extracted texture paths: Object
D2TGXLoader.js:632 [D2TGXLoader] Using dye colors: Object
D2TGXLoader.js:641 [D2TGXLoader] Inspecting diffuse texture [0]: 6581479b9cc84b0ad9b663ae7768d134.tgxm.bin ...
D2TGXLoader.js:236 [D2TGXLoader] Loading texture TGXM: http://localhost:5050/api/geometry/platform/mobile/textures/6581479b9cc84b0ad9b663ae7768d134.tgxm.bin
D2TGXLoader.js:255 [D2TGXLoader] Texture TGXM has 1 files
D2TGXLoader.js:300 [D2TGXLoader] Loaded texture image: 950096068_hun_security_top_head_gbit_512_512_0 JPEG
D2TGXLoader.js:641 [D2TGXLoader] Inspecting diffuse texture [1]: 73e8d6c961baceae42a4523422281e92.tgxm.bin ...
D2TGXLoader.js:236 [D2TGXLoader] Loading texture TGXM: http://localhost:5050/api/geometry/platform/mobile/textures/73e8d6c961baceae42a4523422281e92.tgxm.bin
localhost:5050/api/geometry/platform/mobile/textures/73e8d6c961baceae42a4523422281e92.tgxm.bin:1   Failed to load resource: the server responded with a status of 404 (Not Found)
D2TGXLoader.js:312  [D2TGXLoader] Failed to load texture TGXM: 73e8d6c961baceae42a4523422281e92.tgxm.bin Error: HTTP 404
    at D2TGXLoader.loadTextureFromTGXM (D2TGXLoader.js:240:41)
    at async D2TGXLoader.loadItemGeometry (D2TGXLoader.js:644:41)
    at async D2TGXLoader.load (D2TGXLoader.js:390:34)
    at async loadGuardian (viewer.js:402:26)
loadTextureFromTGXM @ D2TGXLoader.js:312
D2TGXLoader.js:641 [D2TGXLoader] Inspecting diffuse texture [2]: b09805c956b37300273673ce6e7a61da.tgxm.bin ...
D2TGXLoader.js:236 [D2TGXLoader] Loading texture TGXM: http://localhost:5050/api/geometry/platform/mobile/textures/b09805c956b37300273673ce6e7a61da.tgxm.bin
D2TGXLoader.js:255 [D2TGXLoader] Texture TGXM has 1 files
D2TGXLoader.js:300 [D2TGXLoader] Loaded texture image: 950096068_hun_security_top_head_gbit_64_64_3 PNG
D2TGXLoader.js:672 [D2TGXLoader] Loading geometry indices: Array(1)
D2TGXLoader.js:717 [D2TGXLoader] Loading TGXM: http://localhost:5050/api/geometry/platform/mobile/geometry/6ec23e1aa0025307809b9012a5e95b39.tgxm
D2TGXLoader.js:767 [D2TGXLoader] Files in TGXM: Array(5)
D2TGXLoader.js:824 [D2TGXLoader] IndexBuffer: 7848 indices
D2TGXLoader.js:1254 [D2TGXLoader] Number of vertex buffers: 2
D2TGXLoader.js:1257   Buffer 0: 0.0.vertexbuffer.tgx, stride = 32 
D2TGXLoader.js:1257   Buffer 1: 0.1.vertexbuffer.tgx, stride = 4 
D2TGXLoader.js:1281 [D2TGXLoader] Buffer 0 format elements: 
D2TGXLoader.js:1283   - _tfx_vb_semantic_position: type = _vertex_format_attribute_float4, normalized = false 
D2TGXLoader.js:1283   - _tfx_vb_semantic_normal: type = _vertex_format_attribute_short4, normalized = true 
D2TGXLoader.js:1283   - _tfx_vb_semantic_tangent: type = _vertex_format_attribute_short4, normalized = true 
D2TGXLoader.js:1281 [D2TGXLoader] Buffer 1 format elements: 
D2TGXLoader.js:1283   - _tfx_vb_semantic_texcoord: type = _vertex_format_attribute_short2, normalized = true 
D2TGXLoader.js:1301 [D2TGXLoader] Buffer 1 Vertex 0 Raw Hex: 6F 9C FF 7F 
D2TGXLoader.js:1301 [D2TGXLoader] Buffer 1 Vertex 1 Raw Hex: 30 A2 74 BC 
D2TGXLoader.js:1301 [D2TGXLoader] Buffer 1 Vertex 2 Raw Hex: 3C CB 2B 82 
D2TGXLoader.js:1301 [D2TGXLoader] Buffer 1 Vertex 3 Raw Hex: 15 CB 6C 80 
D2TGXLoader.js:1301 [D2TGXLoader] Buffer 1 Vertex 4 Raw Hex: 00 C4 6C 80 
D2TGXLoader.js:1301 [D2TGXLoader] Buffer 1 Vertex 5 Raw Hex: B4 CF 6C 80 
D2TGXLoader.js:1301 [D2TGXLoader] Buffer 1 Vertex 6 Raw Hex: D6 CF 39 82 
D2TGXLoader.js:1301 [D2TGXLoader] Buffer 1 Vertex 7 Raw Hex: 69 D5 6C 80 
D2TGXLoader.js:841 [D2TGXLoader] UV Transform - Scale: 0.4913, 0.4913 Offset: 0.4997, 0.4996
D2TGXLoader.js:842 [D2TGXLoader] VertexBuffer: 2477 vertices
D2TGXLoader.js:865 [D2TGXLoader] Sample vertex position values: X: -0.0897 Y: 0.0083 Z: 1.6980 W: 2049.0000
D2TGXLoader.js:884 [D2TGXLoader] Vertex 0 Final UV: 0.1175, 0.9909 (Raw: -0.7778862880336924, 1)
D2TGXLoader.js:884 [D2TGXLoader] Vertex 1 Final UV: 0.1396, 0.2403 (Raw: -0.7329325235755486, -0.5277260658589434)
D2TGXLoader.js:884 [D2TGXLoader] Vertex 2 Final UV: 0.2971, 0.0166 (Raw: -0.41224402600177007, -0.9830927457502976)
D2TGXLoader.js:884 [D2TGXLoader] Vertex 3 Final UV: 0.2965, 0.0099 (Raw: -0.413434247871334, -0.9967345194860683)
D2TGXLoader.js:884 [D2TGXLoader] Vertex 4 Final UV: 0.2694, 0.0099 (Raw: -0.4687643055513169, -0.9967345194860683)
D2TGXLoader.js:884 [D2TGXLoader] Vertex 5 Final UV: 0.3143, 0.0099 (Raw: -0.3773308511612293, -0.9967345194860683)
D2TGXLoader.js:884 [D2TGXLoader] Vertex 6 Final UV: 0.3148, 0.0168 (Raw: -0.3762932218390454, -0.9826654866176336)
D2TGXLoader.js:884 [D2TGXLoader] Vertex 7 Final UV: 0.3362, 0.0099 (Raw: -0.33274330881679737, -0.9967345194860683)
D2TGXLoader.js:1168 [D2TGXLoader] Part 0 content(JSON):  {"shader":{"type":7},"variant_shader_index":-1,"start_index":0,"index_count":4864,"index_min":0,"index_max":0,"flags":16384,"gear_dye_change_color_index":0,"external_identifier":0,"primitive_type":5,"lod_category":{"value":0,"name":"_lod_category_0"},"lod_run":1}
D2TGXLoader.js:1009 [D2TGXLoader] Material slot 0: Primary=[0.79,0.87,1.00,1.00] Secondary=[0.06,0.06,0.08,1.00]
D2TGXLoader.js:1135 [D2TGXLoader] Material[0]Slot:0 Pri:true Color: [0.79,0.87,1.00,1.00] Tex:950096068_hun_security_top_head_gbit_512_512_0 
D2TGXLoader.js:1168 [D2TGXLoader] Part 3 content(JSON):  {"shader":{"type":7},"variant_shader_index":-1,"start_index":0,"index_count":4864,"index_min":0,"index_max":0,"flags":16384,"gear_dye_change_color_index":0,"external_identifier":0,"primitive_type":5,"lod_category":{"value":0,"name":"_lod_category_0"},"lod_run":1}
D2TGXLoader.js:1224 [D2TGXLoader] Using imported vertex normals
D2TGXLoader.js:1230 [D2TGXLoader] Created multi - material mesh: 2477 verts, 6092 tris
D2TGXLoader.js:417 [D2TGXLoader] Got gear asset for 1172384181
D2TGXLoader.js:370 [D2TGXLoader] Loading shader dyes for hash: 4248210736
D2TGXLoader.js:433 [D2TGXLoader] Fetching shader definition: 4248210736
D2TGXLoader.js:442 [D2TGXLoader] Shader definition response keys: Array(37)
D2TGXLoader.js:449 [D2TGXLoader] Shader definition: {"displayProperties":{"description":"Restores your gear to its default colors.","name":"Default Shader","icon":"/common/destiny2_content/icons/96831e244728f0350340bb7d5d05b463.png","iconHash":549360680,"hasIcon":true},"tooltipNotifications":[],"backgroundColor":{"red":178,"green":178,"blue":178,"alpha":255},"isFeaturedItem":false,"isHolofoil":false,"isAdept":false,"itemTypeDisplayName":"Restore Defaults","flavorText":"","uiItemDisplayStyle":"","itemTypeAndTierDisplayName":"Common Restore Default
D2TGXLoader.js:507 [D2TGXLoader] Found backgroundColor: Object
D2TGXLoader.js:513 [D2TGXLoader] Shader display: Default Shader
D2TGXLoader.js:518 [D2TGXLoader] Investment stats count: 0
D2TGXLoader.js:459 [D2TGXLoader] No colors found in shader definition, checking preview...
D2TGXLoader.js:463 [D2TGXLoader] Shader preview: Object
D2TGXLoader.js:466 [D2TGXLoader] Shader plug: Object
D2TGXLoader.js:552 [D2TGXLoader] Loading gear dye data: http://localhost:5050/api/gear/c256e16f39b7f03eddeb129cc5ab6014
D2TGXLoader.js:561 [D2TGXLoader] Got gear data keys: Array(4)
D2TGXLoader.js:579 [D2TGXLoader] default_dyes: 3 dyes
D2TGXLoader.js:602 [D2TGXLoader] Dye slot 0 primary: Array(4) secondary: Array(4)
D2TGXLoader.js:602 [D2TGXLoader] Dye slot 1 primary: Array(4) secondary: Array(4)
D2TGXLoader.js:602 [D2TGXLoader] Dye slot 2 primary: Array(4) secondary: Array(4)
D2TGXLoader.js:579 [D2TGXLoader] custom_dyes: 0 dyes
D2TGXLoader.js:579 [D2TGXLoader] locked_dyes: 0 dyes
D2TGXLoader.js:126 [D2TGXLoader] Extracted dyes by slot: Object
D2TGXLoader.js:182 [D2TGXLoader] Texture indices: Array(8)
D2TGXLoader.js:183 [D2TGXLoader] Dye indices: Array(7)
D2TGXLoader.js:184 [D2TGXLoader] All textures: 15
D2TGXLoader.js:190 [D2TGXLoader] Texture at index 7: bb10847d44b5146eae661b875fcf0996.tgxm.bin
D2TGXLoader.js:190 [D2TGXLoader] Texture at index 8: 0368e84b1fc607fb214ef2cb6b0ae85a.tgxm.bin
D2TGXLoader.js:190 [D2TGXLoader] Texture at index 9: e36d55815a93ba03197c1813566e71ce.tgxm.bin
D2TGXLoader.js:190 [D2TGXLoader] Texture at index 10: f7c5c56deecc6e1480d1957a53f22e6c.tgxm.bin
D2TGXLoader.js:190 [D2TGXLoader] Texture at index 11: e0c4b392a20aa06af532a58ac66e43e5.tgxm.bin
D2TGXLoader.js:190 [D2TGXLoader] Texture at index 12: f3605dfb492d5606d164a8ce41d8f1b9.tgxm.bin
D2TGXLoader.js:190 [D2TGXLoader] Texture at index 13: e1399dcd20b200ec03b6881d57a21a83.tgxm.bin
D2TGXLoader.js:190 [D2TGXLoader] Texture at index 14: 4a20d8b611489d6b18f5b55e954b89d2.tgxm.bin
D2TGXLoader.js:197 [D2TGXLoader] Dye Texture at index 0: 1fbee5e30ebaea5e561aa25885eb6d02.tgxm.bin
D2TGXLoader.js:197 [D2TGXLoader] Dye Texture at index 1: 1b7c3b9f2b1fabe4565786014fe49315.tgxm.bin
D2TGXLoader.js:197 [D2TGXLoader] Dye Texture at index 2: 181930b7e79298c9b429e970d3e23c35.tgxm.bin
D2TGXLoader.js:197 [D2TGXLoader] Dye Texture at index 3: b08b92234705df729f0bd02e822d272d.tgxm.bin
D2TGXLoader.js:197 [D2TGXLoader] Dye Texture at index 4: f2ff24879c53e3cdfaedd6f14829dc97.tgxm.bin
D2TGXLoader.js:197 [D2TGXLoader] Dye Texture at index 5: 212a8358fd01c431dd82ef5ca4302952.tgxm.bin
D2TGXLoader.js:197 [D2TGXLoader] Dye Texture at index 6: 537de912d0ae9b457f39c42a9a3b6522.tgxm.bin
D2TGXLoader.js:201 [D2TGXLoader] Extracted texture paths: Object
D2TGXLoader.js:632 [D2TGXLoader] Using dye colors: Object
D2TGXLoader.js:641 [D2TGXLoader] Inspecting diffuse texture [0]: bb10847d44b5146eae661b875fcf0996.tgxm.bin ...
D2TGXLoader.js:236 [D2TGXLoader] Loading texture TGXM: http://localhost:5050/api/geometry/platform/mobile/textures/bb10847d44b5146eae661b875fcf0996.tgxm.bin
D2TGXLoader.js:255 [D2TGXLoader] Texture TGXM has 1 files
D2TGXLoader.js:300 [D2TGXLoader] Loaded texture image: 4137609871_hun_security_top_arms_gbit_1024_512_0 JPEG
D2TGXLoader.js:641 [D2TGXLoader] Inspecting diffuse texture [1]: 0368e84b1fc607fb214ef2cb6b0ae85a.tgxm.bin ...
D2TGXLoader.js:236 [D2TGXLoader] Loading texture TGXM: http://localhost:5050/api/geometry/platform/mobile/textures/0368e84b1fc607fb214ef2cb6b0ae85a.tgxm.bin
D2TGXLoader.js:255 [D2TGXLoader] Texture TGXM has 2 files
D2TGXLoader.js:300 [D2TGXLoader] Loaded texture image: 4137609871_hun_security_top_arms_gbit_512_256_1 PNG
D2TGXLoader.js:300 [D2TGXLoader] Loaded texture image: 4137609871_hun_security_top_arms_gbit_512_256_2 PNG
D2TGXLoader.js:641 [D2TGXLoader] Inspecting diffuse texture [2]: e36d55815a93ba03197c1813566e71ce.tgxm.bin ...
D2TGXLoader.js:236 [D2TGXLoader] Loading texture TGXM: http://localhost:5050/api/geometry/platform/mobile/textures/e36d55815a93ba03197c1813566e71ce.tgxm.bin
D2TGXLoader.js:255 [D2TGXLoader] Texture TGXM has 1 files
D2TGXLoader.js:300 [D2TGXLoader] Loaded texture image: 4137609871_hun_security_top_arms_gbit_128_64_3 PNG
D2TGXLoader.js:641 [D2TGXLoader] Inspecting diffuse texture [3]: f7c5c56deecc6e1480d1957a53f22e6c.tgxm.bin ...
D2TGXLoader.js:236 [D2TGXLoader] Loading texture TGXM: http://localhost:5050/api/geometry/platform/mobile/textures/f7c5c56deecc6e1480d1957a53f22e6c.tgxm.bin
D2TGXLoader.js:255 [D2TGXLoader] Texture TGXM has 1 files
D2TGXLoader.js:300 [D2TGXLoader] Loaded texture image: 1363171116_digital_cloud_plate PNG
D2TGXLoader.js:641 [D2TGXLoader] Inspecting diffuse texture [4]: e0c4b392a20aa06af532a58ac66e43e5.tgxm.bin ...
D2TGXLoader.js:236 [D2TGXLoader] Loading texture TGXM: http://localhost:5050/api/geometry/platform/mobile/textures/e0c4b392a20aa06af532a58ac66e43e5.tgxm.bin
localhost:5050/api/geometry/platform/mobile/textures/e0c4b392a20aa06af532a58ac66e43e5.tgxm.bin:1   Failed to load resource: the server responded with a status of 404 (Not Found)
D2TGXLoader.js:312  [D2TGXLoader] Failed to load texture TGXM: e0c4b392a20aa06af532a58ac66e43e5.tgxm.bin Error: HTTP 404
    at D2TGXLoader.loadTextureFromTGXM (D2TGXLoader.js:240:41)
    at async D2TGXLoader.loadItemGeometry (D2TGXLoader.js:644:41)
    at async D2TGXLoader.load (D2TGXLoader.js:390:34)
    at async loadGuardian (viewer.js:402:26)
loadTextureFromTGXM @ D2TGXLoader.js:312
D2TGXLoader.js:641 [D2TGXLoader] Inspecting diffuse texture [5]: f3605dfb492d5606d164a8ce41d8f1b9.tgxm.bin ...
D2TGXLoader.js:236 [D2TGXLoader] Loading texture TGXM: http://localhost:5050/api/geometry/platform/mobile/textures/f3605dfb492d5606d164a8ce41d8f1b9.tgxm.bin
localhost:5050/api/geometry/platform/mobile/textures/f3605dfb492d5606d164a8ce41d8f1b9.tgxm.bin:1   Failed to load resource: the server responded with a status of 404 (Not Found)
D2TGXLoader.js:312  [D2TGXLoader] Failed to load texture TGXM: f3605dfb492d5606d164a8ce41d8f1b9.tgxm.bin Error: HTTP 404
    at D2TGXLoader.loadTextureFromTGXM (D2TGXLoader.js:240:41)
    at async D2TGXLoader.loadItemGeometry (D2TGXLoader.js:644:41)
    at async D2TGXLoader.load (D2TGXLoader.js:390:34)
    at async loadGuardian (viewer.js:402:26)
loadTextureFromTGXM @ D2TGXLoader.js:312
D2TGXLoader.js:641 [D2TGXLoader] Inspecting diffuse texture [6]: e1399dcd20b200ec03b6881d57a21a83.tgxm.bin ...
D2TGXLoader.js:236 [D2TGXLoader] Loading texture TGXM: http://localhost:5050/api/geometry/platform/mobile/textures/e1399dcd20b200ec03b6881d57a21a83.tgxm.bin
localhost:5050/api/geometry/platform/mobile/textures/e1399dcd20b200ec03b6881d57a21a83.tgxm.bin:1   Failed to load resource: the server responded with a status of 404 (Not Found)
D2TGXLoader.js:312  [D2TGXLoader] Failed to load texture TGXM: e1399dcd20b200ec03b6881d57a21a83.tgxm.bin Error: HTTP 404
    at D2TGXLoader.loadTextureFromTGXM (D2TGXLoader.js:240:41)
    at async D2TGXLoader.loadItemGeometry (D2TGXLoader.js:644:41)
    at async D2TGXLoader.load (D2TGXLoader.js:390:34)
    at async loadGuardian (viewer.js:402:26)
loadTextureFromTGXM @ D2TGXLoader.js:312
D2TGXLoader.js:641 [D2TGXLoader] Inspecting diffuse texture [7]: 4a20d8b611489d6b18f5b55e954b89d2.tgxm.bin ...
D2TGXLoader.js:236 [D2TGXLoader] Loading texture TGXM: http://localhost:5050/api/geometry/platform/mobile/textures/4a20d8b611489d6b18f5b55e954b89d2.tgxm.bin
D2TGXLoader.js:255 [D2TGXLoader] Texture TGXM has 3 files
D2TGXLoader.js:300 [D2TGXLoader] Loaded texture image: 3829789903_player_gloves_detail_norm PNG
D2TGXLoader.js:300 [D2TGXLoader] Loaded texture image: 3829789903_player_gloves_detail_norm PNG
D2TGXLoader.js:300 [D2TGXLoader] Loaded texture image: 3829789903_player_gloves_detail_overdif PNG
D2TGXLoader.js:672 [D2TGXLoader] Loading geometry indices: Array(2)
D2TGXLoader.js:717 [D2TGXLoader] Loading TGXM: http://localhost:5050/api/geometry/platform/mobile/geometry/53d8b267c3172d682373ca1d1078a4a5.tgxm
D2TGXLoader.js:767 [D2TGXLoader] Files in TGXM: Array(5)
D2TGXLoader.js:824 [D2TGXLoader] IndexBuffer: 33428 indices
D2TGXLoader.js:1254 [D2TGXLoader] Number of vertex buffers: 2
D2TGXLoader.js:1257   Buffer 0: 0.0.vertexbuffer.tgx, stride = 32 
D2TGXLoader.js:1257   Buffer 1: 0.1.vertexbuffer.tgx, stride = 4 
D2TGXLoader.js:1281 [D2TGXLoader] Buffer 0 format elements: 
D2TGXLoader.js:1283   - _tfx_vb_semantic_position: type = _vertex_format_attribute_float4, normalized = false 
D2TGXLoader.js:1283   - _tfx_vb_semantic_normal: type = _vertex_format_attribute_short4, normalized = true 
D2TGXLoader.js:1283   - _tfx_vb_semantic_tangent: type = _vertex_format_attribute_short4, normalized = true 
D2TGXLoader.js:1281 [D2TGXLoader] Buffer 1 format elements: 
D2TGXLoader.js:1283   - _tfx_vb_semantic_texcoord: type = _vertex_format_attribute_short2, normalized = true 
D2TGXLoader.js:1301 [D2TGXLoader] Buffer 1 Vertex 0 Raw Hex: 46 5B 5D A7 
D2TGXLoader.js:1301 [D2TGXLoader] Buffer 1 Vertex 1 Raw Hex: 3E 7C 5C B4 
D2TGXLoader.js:1301 [D2TGXLoader] Buffer 1 Vertex 2 Raw Hex: 72 72 38 B9 
D2TGXLoader.js:1301 [D2TGXLoader] Buffer 1 Vertex 3 Raw Hex: C0 67 E6 BF 
D2TGXLoader.js:1301 [D2TGXLoader] Buffer 1 Vertex 4 Raw Hex: 31 63 AF BC 
D2TGXLoader.js:1301 [D2TGXLoader] Buffer 1 Vertex 5 Raw Hex: 13 7D 9E BC 
D2TGXLoader.js:1301 [D2TGXLoader] Buffer 1 Vertex 6 Raw Hex: C1 73 1E BF 
D2TGXLoader.js:1301 [D2TGXLoader] Buffer 1 Vertex 7 Raw Hex: 0E 6A 43 C3 
D2TGXLoader.js:841 [D2TGXLoader] UV Transform - Scale: 0.4985, 0.4985 Offset: 0.4999, 0.5001
D2TGXLoader.js:842 [D2TGXLoader] VertexBuffer: 9381 vertices
D2TGXLoader.js:865 [D2TGXLoader] Sample vertex position values: X: 0.3824 Y: -0.3411 Z: 1.1380 W: 2048.0000
D2TGXLoader.js:884 [D2TGXLoader] Vertex 0 Final UV: 0.8553, 0.1549 (Raw: 0.7130954924161504, -0.6924954985198523)
D2TGXLoader.js:884 [D2TGXLoader] Vertex 1 Final UV: 0.9838, 0.2055 (Raw: 0.9706717123935666, -0.5909604174932096)
D2TGXLoader.js:884 [D2TGXLoader] Vertex 2 Final UV: 0.9456, 0.2244 (Raw: 0.8941312906277658, -0.5529953917050692)
D2TGXLoader.js:884 [D2TGXLoader] Vertex 3 Final UV: 0.9039, 0.2504 (Raw: 0.8105716116824855, -0.5008087405011139)
D2TGXLoader.js:884 [D2TGXLoader] Vertex 4 Final UV: 0.8862, 0.2379 (Raw: 0.7749565111239967, -0.5259254737998597)
D2TGXLoader.js:884 [D2TGXLoader] Vertex 5 Final UV: 0.9870, 0.2377 (Raw: 0.9771721549119541, -0.5264442884609516)
D2TGXLoader.js:884 [D2TGXLoader] Vertex 6 Final UV: 0.9507, 0.2474 (Raw: 0.9043549913022249, -0.5069124423963134)
D2TGXLoader.js:884 [D2TGXLoader] Vertex 7 Final UV: 0.9129, 0.2635 (Raw: 0.8285775322733238, -0.47453230384228035)
D2TGXLoader.js:1168 [D2TGXLoader] Part 0 content(JSON):  {"shader":{"static_textures":["3829789903_collar_diffuse","3829789903_collar_mrc","3829789903_collar_normal"],"type":7},"variant_shader_index":-1,"start_index":0,"index_count":547,"index_min":0,"index_max":0,"flags":16384,"gear_dye_change_color_index":0,"external_identifier":0,"primitive_type":5,"lod_category":{"value":0,"name":"_lod_category_0"},"lod_run":2}
D2TGXLoader.js:1009 [D2TGXLoader] Material slot 0: Primary=[0.79,0.87,1.00,1.00] Secondary=[0.06,0.06,0.08,1.00]
D2TGXLoader.js:1135 [D2TGXLoader] Material[0]Slot:0 Pri:true Color: [0.79,0.87,1.00,1.00] Tex:4137609871_hun_security_top_arms_gbit_1024_512_0 
D2TGXLoader.js:1168 [D2TGXLoader] Part 1 content(JSON):  {"shader":{"static_textures":["3829789903_collar_diffuse","3829789903_collar_mrc","3829789903_collar_normal"],"type":7},"variant_shader_index":-1,"start_index":9885,"index_count":544,"index_min":0,"index_max":0,"flags":16384,"gear_dye_change_color_index":0,"external_identifier":1,"primitive_type":5,"lod_category":{"value":0,"name":"_lod_category_0"},"lod_run":1}
D2TGXLoader.js:1009 [D2TGXLoader] Material slot 0: Primary=[0.79,0.87,1.00,1.00] Secondary=[0.06,0.06,0.08,1.00]
D2TGXLoader.js:1135 [D2TGXLoader] Material[0]Slot:0 Pri:true Color: [0.79,0.87,1.00,1.00] Tex:3829789903_player_gloves_detail_overdif 
D2TGXLoader.js:1224 [D2TGXLoader] Using imported vertex normals
D2TGXLoader.js:1230 [D2TGXLoader] Created multi - material mesh: 9381 verts, 24336 tris
D2TGXLoader.js:717 [D2TGXLoader] Loading TGXM: http://localhost:5050/api/geometry/platform/mobile/geometry/9d67b681deffc3eeb3ed6f5162bee33f.tgxm
D2TGXLoader.js:767 [D2TGXLoader] Files in TGXM: Array(6)
D2TGXLoader.js:824 [D2TGXLoader] IndexBuffer: 17641 indices
D2TGXLoader.js:1254 [D2TGXLoader] Number of vertex buffers: 2
D2TGXLoader.js:1257   Buffer 0: 0.0.vertexbuffer.tgx, stride = 32 
D2TGXLoader.js:1257   Buffer 1: 0.1.vertexbuffer.tgx, stride = 4 
D2TGXLoader.js:1281 [D2TGXLoader] Buffer 0 format elements: 
D2TGXLoader.js:1283   - _tfx_vb_semantic_position: type = _vertex_format_attribute_float4, normalized = false 
D2TGXLoader.js:1283   - _tfx_vb_semantic_normal: type = _vertex_format_attribute_short4, normalized = true 
D2TGXLoader.js:1283   - _tfx_vb_semantic_tangent: type = _vertex_format_attribute_short4, normalized = true 
D2TGXLoader.js:1281 [D2TGXLoader] Buffer 1 format elements: 
D2TGXLoader.js:1283   - _tfx_vb_semantic_texcoord: type = _vertex_format_attribute_short2, normalized = true 
D2TGXLoader.js:1301 [D2TGXLoader] Buffer 1 Vertex 0 Raw Hex: 3D A3 A1 9C 
D2TGXLoader.js:1301 [D2TGXLoader] Buffer 1 Vertex 1 Raw Hex: 3D A3 A1 9C 
D2TGXLoader.js:1301 [D2TGXLoader] Buffer 1 Vertex 2 Raw Hex: 12 A6 46 A0 
D2TGXLoader.js:1301 [D2TGXLoader] Buffer 1 Vertex 3 Raw Hex: DC A4 28 A1 
D2TGXLoader.js:1301 [D2TGXLoader] Buffer 1 Vertex 4 Raw Hex: 12 A6 28 A1 
D2TGXLoader.js:1301 [D2TGXLoader] Buffer 1 Vertex 5 Raw Hex: DC A4 46 A0 
D2TGXLoader.js:1301 [D2TGXLoader] Buffer 1 Vertex 6 Raw Hex: CB A1 46 A0 
D2TGXLoader.js:1301 [D2TGXLoader] Buffer 1 Vertex 7 Raw Hex: CB A1 28 A1 
D2TGXLoader.js:841 [D2TGXLoader] UV Transform - Scale: 0.4959, 0.4959 Offset: 0.5003, 1.0002
D2TGXLoader.js:842 [D2TGXLoader] VertexBuffer: 6127 vertices
D2TGXLoader.js:865 [D2TGXLoader] Sample vertex position values: X: 0.0669 Y: -0.3689 Z: 1.2272 W: 2049.0000
D2TGXLoader.js:884 [D2TGXLoader] Vertex 0 Final UV: 0.1409, 0.6152 (Raw: -0.7247230445265054, -0.7763603625598926)
D2TGXLoader.js:884 [D2TGXLoader] Vertex 1 Final UV: 0.1409, 0.6152 (Raw: -0.7247230445265054, -0.7763603625598926)
D2TGXLoader.js:884 [D2TGXLoader] Vertex 2 Final UV: 0.1519, 0.6293 (Raw: -0.7025971251564074, -0.7478865932187871)
D2TGXLoader.js:884 [D2TGXLoader] Vertex 3 Final UV: 0.1472, 0.6328 (Raw: -0.7120578630939665, -0.7409894100772119)
D2TGXLoader.js:884 [D2TGXLoader] Vertex 4 Final UV: 0.1519, 0.6328 (Raw: -0.7025971251564074, -0.7409894100772119)
D2TGXLoader.js:884 [D2TGXLoader] Vertex 5 Final UV: 0.1472, 0.6293 (Raw: -0.7120578630939665, -0.7478865932187871)
D2TGXLoader.js:884 [D2TGXLoader] Vertex 6 Final UV: 0.1353, 0.6293 (Raw: -0.7360148930326242, -0.7478865932187871)
D2TGXLoader.js:884 [D2TGXLoader] Vertex 7 Final UV: 0.1353, 0.6328 (Raw: -0.7360148930326242, -0.7409894100772119)
D2TGXLoader.js:1168 [D2TGXLoader] Part 0 content(JSON):  {"shader":{"static_textures":["1363171116_digital_cloud_plate"],"type":7},"variant_shader_index":-1,"start_index":0,"index_count":65,"index_min":0,"index_max":0,"flags":16384,"gear_dye_change_color_index":0,"external_identifier":0,"primitive_type":5,"lod_category":{"value":0,"name":"_lod_category_0"},"lod_run":1}
D2TGXLoader.js:1009 [D2TGXLoader] Material slot 0: Primary=[0.79,0.87,1.00,1.00] Secondary=[0.06,0.06,0.08,1.00]
D2TGXLoader.js:1135 [D2TGXLoader] Material[0]Slot:0 Pri:true Color: [0.79,0.87,1.00,1.00] Tex:4137609871_hun_security_top_arms_gbit_1024_512_0 
D2TGXLoader.js:1168 [D2TGXLoader] Part 2 content(JSON):  {"shader":{"static_textures":["1363171116_digital_cloud_plate"],"type":7},"variant_shader_index":-1,"start_index":66,"index_count":1687,"index_min":0,"index_max":0,"flags":16384,"gear_dye_change_color_index":0,"external_identifier":0,"primitive_type":5,"lod_category":{"value":0,"name":"_lod_category_0"},"lod_run":1}
D2TGXLoader.js:1224 [D2TGXLoader] Using imported vertex normals
D2TGXLoader.js:1230 [D2TGXLoader] Created multi - material mesh: 6127 verts, 12684 tris
D2TGXLoader.js:417 [D2TGXLoader] Got gear asset for 2752429099
D2TGXLoader.js:370 [D2TGXLoader] Loading shader dyes for hash: 4248210736
D2TGXLoader.js:433 [D2TGXLoader] Fetching shader definition: 4248210736
D2TGXLoader.js:442 [D2TGXLoader] Shader definition response keys: Array(37)
D2TGXLoader.js:449 [D2TGXLoader] Shader definition: {"displayProperties":{"description":"Restores your gear to its default colors.","name":"Default Shader","icon":"/common/destiny2_content/icons/96831e244728f0350340bb7d5d05b463.png","iconHash":549360680,"hasIcon":true},"tooltipNotifications":[],"backgroundColor":{"red":178,"green":178,"blue":178,"alpha":255},"isFeaturedItem":false,"isHolofoil":false,"isAdept":false,"itemTypeDisplayName":"Restore Defaults","flavorText":"","uiItemDisplayStyle":"","itemTypeAndTierDisplayName":"Common Restore Default
D2TGXLoader.js:507 [D2TGXLoader] Found backgroundColor: Object
D2TGXLoader.js:513 [D2TGXLoader] Shader display: Default Shader
D2TGXLoader.js:518 [D2TGXLoader] Investment stats count: 0
D2TGXLoader.js:459 [D2TGXLoader] No colors found in shader definition, checking preview...
D2TGXLoader.js:463 [D2TGXLoader] Shader preview: Object
D2TGXLoader.js:466 [D2TGXLoader] Shader plug: Object
D2TGXLoader.js:552 [D2TGXLoader] Loading gear dye data: http://localhost:5050/api/gear/0113b09af7be4118165e5bc487485c9d
D2TGXLoader.js:561 [D2TGXLoader] Got gear data keys: Array(4)
D2TGXLoader.js:579 [D2TGXLoader] default_dyes: 3 dyes
D2TGXLoader.js:602 [D2TGXLoader] Dye slot 0 primary: Array(4) secondary: Array(4)
D2TGXLoader.js:602 [D2TGXLoader] Dye slot 1 primary: Array(4) secondary: Array(4)
D2TGXLoader.js:602 [D2TGXLoader] Dye slot 2 primary: Array(4) secondary: Array(4)
D2TGXLoader.js:579 [D2TGXLoader] custom_dyes: 0 dyes
D2TGXLoader.js:579 [D2TGXLoader] locked_dyes: 0 dyes
D2TGXLoader.js:126 [D2TGXLoader] Extracted dyes by slot: Object
D2TGXLoader.js:182 [D2TGXLoader] Texture indices: Array(3)
D2TGXLoader.js:183 [D2TGXLoader] Dye indices: Array(7)
D2TGXLoader.js:184 [D2TGXLoader] All textures: 10
D2TGXLoader.js:190 [D2TGXLoader] Texture at index 7: c9d356747a3eea654b9bd07ef395d015.tgxm.bin
D2TGXLoader.js:190 [D2TGXLoader] Texture at index 8: abffe7eedcdc7510b87de5d731a27079.tgxm.bin
D2TGXLoader.js:190 [D2TGXLoader] Texture at index 9: 6a3c796f2a9ccd458b935cc6e39cec23.tgxm.bin
D2TGXLoader.js:197 [D2TGXLoader] Dye Texture at index 0: 1fbee5e30ebaea5e561aa25885eb6d02.tgxm.bin
D2TGXLoader.js:197 [D2TGXLoader] Dye Texture at index 1: 1b7c3b9f2b1fabe4565786014fe49315.tgxm.bin
D2TGXLoader.js:197 [D2TGXLoader] Dye Texture at index 2: 181930b7e79298c9b429e970d3e23c35.tgxm.bin
D2TGXLoader.js:197 [D2TGXLoader] Dye Texture at index 3: b08b92234705df729f0bd02e822d272d.tgxm.bin
D2TGXLoader.js:197 [D2TGXLoader] Dye Texture at index 4: f2ff24879c53e3cdfaedd6f14829dc97.tgxm.bin
D2TGXLoader.js:197 [D2TGXLoader] Dye Texture at index 5: 212a8358fd01c431dd82ef5ca4302952.tgxm.bin
D2TGXLoader.js:197 [D2TGXLoader] Dye Texture at index 6: 537de912d0ae9b457f39c42a9a3b6522.tgxm.bin
D2TGXLoader.js:201 [D2TGXLoader] Extracted texture paths: Object
D2TGXLoader.js:632 [D2TGXLoader] Using dye colors: Object
D2TGXLoader.js:641 [D2TGXLoader] Inspecting diffuse texture [0]: c9d356747a3eea654b9bd07ef395d015.tgxm.bin ...
D2TGXLoader.js:236 [D2TGXLoader] Loading texture TGXM: http://localhost:5050/api/geometry/platform/mobile/textures/c9d356747a3eea654b9bd07ef395d015.tgxm.bin
D2TGXLoader.js:255 [D2TGXLoader] Texture TGXM has 1 files
D2TGXLoader.js:300 [D2TGXLoader] Loaded texture image: 1741735753_hun_security_top_chest_gbit_1024_512_0 JPEG
D2TGXLoader.js:641 [D2TGXLoader] Inspecting diffuse texture [1]: abffe7eedcdc7510b87de5d731a27079.tgxm.bin ...
D2TGXLoader.js:236 [D2TGXLoader] Loading texture TGXM: http://localhost:5050/api/geometry/platform/mobile/textures/abffe7eedcdc7510b87de5d731a27079.tgxm.bin
localhost:5050/api/geometry/platform/mobile/textures/abffe7eedcdc7510b87de5d731a27079.tgxm.bin:1   Failed to load resource: the server responded with a status of 404 (Not Found)
D2TGXLoader.js:312  [D2TGXLoader] Failed to load texture TGXM: abffe7eedcdc7510b87de5d731a27079.tgxm.bin Error: HTTP 404
    at D2TGXLoader.loadTextureFromTGXM (D2TGXLoader.js:240:41)
    at async D2TGXLoader.loadItemGeometry (D2TGXLoader.js:644:41)
    at async D2TGXLoader.load (D2TGXLoader.js:390:34)
    at async loadGuardian (viewer.js:402:26)
loadTextureFromTGXM @ D2TGXLoader.js:312
D2TGXLoader.js:641 [D2TGXLoader] Inspecting diffuse texture [2]: 6a3c796f2a9ccd458b935cc6e39cec23.tgxm.bin ...
D2TGXLoader.js:236 [D2TGXLoader] Loading texture TGXM: http://localhost:5050/api/geometry/platform/mobile/textures/6a3c796f2a9ccd458b935cc6e39cec23.tgxm.bin
D2TGXLoader.js:255 [D2TGXLoader] Texture TGXM has 1 files
D2TGXLoader.js:300 [D2TGXLoader] Loaded texture image: 1741735753_hun_security_top_chest_gbit_128_64_3 PNG
D2TGXLoader.js:672 [D2TGXLoader] Loading geometry indices: Array(1)
D2TGXLoader.js:717 [D2TGXLoader] Loading TGXM: http://localhost:5050/api/geometry/platform/mobile/geometry/8bd1c6613a80be505806af71f4604d0e.tgxm
D2TGXLoader.js:767 [D2TGXLoader] Files in TGXM: Array(6)
D2TGXLoader.js:824 [D2TGXLoader] IndexBuffer: 14965 indices
D2TGXLoader.js:1254 [D2TGXLoader] Number of vertex buffers: 2
D2TGXLoader.js:1257   Buffer 0: 0.0.vertexbuffer.tgx, stride = 32 
D2TGXLoader.js:1257   Buffer 1: 0.1.vertexbuffer.tgx, stride = 4 
D2TGXLoader.js:1281 [D2TGXLoader] Buffer 0 format elements: 
D2TGXLoader.js:1283   - _tfx_vb_semantic_position: type = _vertex_format_attribute_float4, normalized = false 
D2TGXLoader.js:1283   - _tfx_vb_semantic_normal: type = _vertex_format_attribute_short4, normalized = true 
D2TGXLoader.js:1283   - _tfx_vb_semantic_tangent: type = _vertex_format_attribute_short4, normalized = true 
D2TGXLoader.js:1281 [D2TGXLoader] Buffer 1 format elements: 
D2TGXLoader.js:1283   - _tfx_vb_semantic_texcoord: type = _vertex_format_attribute_short2, normalized = true 
D2TGXLoader.js:1301 [D2TGXLoader] Buffer 1 Vertex 0 Raw Hex: 6B 9E A2 D2 
D2TGXLoader.js:1301 [D2TGXLoader] Buffer 1 Vertex 1 Raw Hex: 3B AA B0 D2 
D2TGXLoader.js:1301 [D2TGXLoader] Buffer 1 Vertex 2 Raw Hex: 3B AA B0 D2 
D2TGXLoader.js:1301 [D2TGXLoader] Buffer 1 Vertex 3 Raw Hex: 6B 9E A2 D2 
D2TGXLoader.js:1301 [D2TGXLoader] Buffer 1 Vertex 4 Raw Hex: 08 A6 5F D2 
D2TGXLoader.js:1301 [D2TGXLoader] Buffer 1 Vertex 5 Raw Hex: 16 A4 5D D2 
D2TGXLoader.js:1301 [D2TGXLoader] Buffer 1 Vertex 6 Raw Hex: 2E A2 5C D2 
D2TGXLoader.js:1301 [D2TGXLoader] Buffer 1 Vertex 7 Raw Hex: 33 9F 6D D3 
D2TGXLoader.js:841 [D2TGXLoader] UV Transform - Scale: 0.4952, 0.4952 Offset: 0.4999, 0.9996
D2TGXLoader.js:842 [D2TGXLoader] VertexBuffer: 4895 vertices
D2TGXLoader.js:865 [D2TGXLoader] Sample vertex position values: X: 0.1340 Y: -0.0684 Z: 1.3586 W: 2049.0000
D2TGXLoader.js:884 [D2TGXLoader] Vertex 0 Final UV: 0.1224, 0.8241 (Raw: -0.7623828852198858, -0.35444196905423137)
D2TGXLoader.js:884 [D2TGXLoader] Vertex 1 Final UV: 0.1681, 0.8243 (Raw: -0.6700949125644704, -0.3540147099215674)
D2TGXLoader.js:884 [D2TGXLoader] Vertex 2 Final UV: 0.1681, 0.8243 (Raw: -0.6700949125644704, -0.3540147099215674)
D2TGXLoader.js:884 [D2TGXLoader] Vertex 3 Final UV: 0.1224, 0.8241 (Raw: -0.7623828852198858, -0.35444196905423137)
D2TGXLoader.js:884 [D2TGXLoader] Vertex 4 Final UV: 0.1518, 0.8230 (Raw: -0.7029023102511673, -0.35648670918912323)
D2TGXLoader.js:884 [D2TGXLoader] Vertex 5 Final UV: 0.1443, 0.8230 (Raw: -0.718100527970214, -0.3565477462080752)
D2TGXLoader.js:884 [D2TGXLoader] Vertex 6 Final UV: 0.1369, 0.8230 (Raw: -0.7329935605945006, -0.3565782647175512)
D2TGXLoader.js:884 [D2TGXLoader] Vertex 7 Final UV: 0.1254, 0.8271 (Raw: -0.7562791833246865, -0.34824671163060394)
D2TGXLoader.js:1168 [D2TGXLoader] Part 0 content(JSON):  {"shader":{"type":7},"variant_shader_index":-1,"start_index":0,"index_count":9060,"index_min":0,"index_max":0,"flags":16384,"gear_dye_change_color_index":0,"external_identifier":0,"primitive_type":5,"lod_category":{"value":0,"name":"_lod_category_0"},"lod_run":1}
D2TGXLoader.js:1009 [D2TGXLoader] Material slot 0: Primary=[0.79,0.87,1.00,1.00] Secondary=[0.06,0.06,0.08,1.00]
D2TGXLoader.js:1135 [D2TGXLoader] Material[0]Slot:0 Pri:true Color: [0.79,0.87,1.00,1.00] Tex:1741735753_hun_security_top_chest_gbit_1024_512_0 
D2TGXLoader.js:1168 [D2TGXLoader] Part 4 content(JSON):  {"shader":{"type":7},"variant_shader_index":-1,"start_index":0,"index_count":9060,"index_min":0,"index_max":0,"flags":16384,"gear_dye_change_color_index":0,"external_identifier":0,"primitive_type":5,"lod_category":{"value":0,"name":"_lod_category_0"},"lod_run":1}
D2TGXLoader.js:1224 [D2TGXLoader] Using imported vertex normals
D2TGXLoader.js:1230 [D2TGXLoader] Created multi - material mesh: 4895 verts, 11176 tris
D2TGXLoader.js:417 [D2TGXLoader] Got gear asset for 2748506263
D2TGXLoader.js:370 [D2TGXLoader] Loading shader dyes for hash: 4248210736
D2TGXLoader.js:433 [D2TGXLoader] Fetching shader definition: 4248210736
D2TGXLoader.js:442 [D2TGXLoader] Shader definition response keys: Array(37)
D2TGXLoader.js:449 [D2TGXLoader] Shader definition: {"displayProperties":{"description":"Restores your gear to its default colors.","name":"Default Shader","icon":"/common/destiny2_content/icons/96831e244728f0350340bb7d5d05b463.png","iconHash":549360680,"hasIcon":true},"tooltipNotifications":[],"backgroundColor":{"red":178,"green":178,"blue":178,"alpha":255},"isFeaturedItem":false,"isHolofoil":false,"isAdept":false,"itemTypeDisplayName":"Restore Defaults","flavorText":"","uiItemDisplayStyle":"","itemTypeAndTierDisplayName":"Common Restore Default
D2TGXLoader.js:507 [D2TGXLoader] Found backgroundColor: Object
D2TGXLoader.js:513 [D2TGXLoader] Shader display: Default Shader
D2TGXLoader.js:518 [D2TGXLoader] Investment stats count: 0
D2TGXLoader.js:459 [D2TGXLoader] No colors found in shader definition, checking preview...
D2TGXLoader.js:463 [D2TGXLoader] Shader preview: Object
D2TGXLoader.js:466 [D2TGXLoader] Shader plug: Object
D2TGXLoader.js:552 [D2TGXLoader] Loading gear dye data: http://localhost:5050/api/gear/4a0eb7cbeebc8a1e9a4c109b194f565d
D2TGXLoader.js:561 [D2TGXLoader] Got gear data keys: Array(4)
D2TGXLoader.js:579 [D2TGXLoader] default_dyes: 3 dyes
D2TGXLoader.js:602 [D2TGXLoader] Dye slot 0 primary: Array(4) secondary: Array(4)
D2TGXLoader.js:602 [D2TGXLoader] Dye slot 1 primary: Array(4) secondary: Array(4)
D2TGXLoader.js:602 [D2TGXLoader] Dye slot 2 primary: Array(4) secondary: Array(4)
D2TGXLoader.js:579 [D2TGXLoader] custom_dyes: 0 dyes
D2TGXLoader.js:579 [D2TGXLoader] locked_dyes: 0 dyes
D2TGXLoader.js:126 [D2TGXLoader] Extracted dyes by slot: Object
D2TGXLoader.js:182 [D2TGXLoader] Texture indices: Array(3)
D2TGXLoader.js:183 [D2TGXLoader] Dye indices: Array(7)
D2TGXLoader.js:184 [D2TGXLoader] All textures: 10
D2TGXLoader.js:190 [D2TGXLoader] Texture at index 7: 54ab6663929702c4f766610c47f44f88.tgxm.bin
D2TGXLoader.js:190 [D2TGXLoader] Texture at index 8: 173752c42c867113b1a83e6ee17f3a68.tgxm.bin
D2TGXLoader.js:190 [D2TGXLoader] Texture at index 9: 43c93e80db91f5e5764a0bb4d0a742d9.tgxm.bin
D2TGXLoader.js:197 [D2TGXLoader] Dye Texture at index 0: 1fbee5e30ebaea5e561aa25885eb6d02.tgxm.bin
D2TGXLoader.js:197 [D2TGXLoader] Dye Texture at index 1: 1b7c3b9f2b1fabe4565786014fe49315.tgxm.bin
D2TGXLoader.js:197 [D2TGXLoader] Dye Texture at index 2: 181930b7e79298c9b429e970d3e23c35.tgxm.bin
D2TGXLoader.js:197 [D2TGXLoader] Dye Texture at index 3: b08b92234705df729f0bd02e822d272d.tgxm.bin
D2TGXLoader.js:197 [D2TGXLoader] Dye Texture at index 4: f2ff24879c53e3cdfaedd6f14829dc97.tgxm.bin
D2TGXLoader.js:197 [D2TGXLoader] Dye Texture at index 5: 212a8358fd01c431dd82ef5ca4302952.tgxm.bin
D2TGXLoader.js:197 [D2TGXLoader] Dye Texture at index 6: 537de912d0ae9b457f39c42a9a3b6522.tgxm.bin
D2TGXLoader.js:201 [D2TGXLoader] Extracted texture paths: Object
D2TGXLoader.js:632 [D2TGXLoader] Using dye colors: Object
D2TGXLoader.js:641 [D2TGXLoader] Inspecting diffuse texture [0]: 54ab6663929702c4f766610c47f44f88.tgxm.bin ...
D2TGXLoader.js:236 [D2TGXLoader] Loading texture TGXM: http://localhost:5050/api/geometry/platform/mobile/textures/54ab6663929702c4f766610c47f44f88.tgxm.bin
D2TGXLoader.js:255 [D2TGXLoader] Texture TGXM has 1 files
D2TGXLoader.js:300 [D2TGXLoader] Loaded texture image: 716505645_hun_security_top_legs_gbit_1024_512_0 JPEG
D2TGXLoader.js:641 [D2TGXLoader] Inspecting diffuse texture [1]: 173752c42c867113b1a83e6ee17f3a68.tgxm.bin ...
D2TGXLoader.js:236 [D2TGXLoader] Loading texture TGXM: http://localhost:5050/api/geometry/platform/mobile/textures/173752c42c867113b1a83e6ee17f3a68.tgxm.bin
D2TGXLoader.js:255 [D2TGXLoader] Texture TGXM has 2 files
D2TGXLoader.js:300 [D2TGXLoader] Loaded texture image: 716505645_hun_security_top_legs_gbit_512_256_2 PNG
D2TGXLoader.js:300 [D2TGXLoader] Loaded texture image: 716505645_hun_security_top_legs_gbit_512_256_1 PNG
D2TGXLoader.js:641 [D2TGXLoader] Inspecting diffuse texture [2]: 43c93e80db91f5e5764a0bb4d0a742d9.tgxm.bin ...
D2TGXLoader.js:236 [D2TGXLoader] Loading texture TGXM: http://localhost:5050/api/geometry/platform/mobile/textures/43c93e80db91f5e5764a0bb4d0a742d9.tgxm.bin
D2TGXLoader.js:255 [D2TGXLoader] Texture TGXM has 1 files
D2TGXLoader.js:300 [D2TGXLoader] Loaded texture image: 716505645_hun_security_top_legs_gbit_128_64_3 PNG
D2TGXLoader.js:672 [D2TGXLoader] Loading geometry indices: Array(1)
D2TGXLoader.js:717 [D2TGXLoader] Loading TGXM: http://localhost:5050/api/geometry/platform/mobile/geometry/43f203097dc4e1d95080c3acb84cd37f.tgxm
D2TGXLoader.js:767 [D2TGXLoader] Files in TGXM: Array(6)
D2TGXLoader.js:824 [D2TGXLoader] IndexBuffer: 13091 indices
D2TGXLoader.js:1254 [D2TGXLoader] Number of vertex buffers: 2
D2TGXLoader.js:1257   Buffer 0: 0.0.vertexbuffer.tgx, stride = 32 
D2TGXLoader.js:1257   Buffer 1: 0.1.vertexbuffer.tgx, stride = 4 
D2TGXLoader.js:1281 [D2TGXLoader] Buffer 0 format elements: 
D2TGXLoader.js:1283   - _tfx_vb_semantic_position: type = _vertex_format_attribute_float4, normalized = false 
D2TGXLoader.js:1283   - _tfx_vb_semantic_normal: type = _vertex_format_attribute_short4, normalized = true 
D2TGXLoader.js:1283   - _tfx_vb_semantic_tangent: type = _vertex_format_attribute_short4, normalized = true 
D2TGXLoader.js:1281 [D2TGXLoader] Buffer 1 format elements: 
D2TGXLoader.js:1283   - _tfx_vb_semantic_texcoord: type = _vertex_format_attribute_short2, normalized = true 
D2TGXLoader.js:1301 [D2TGXLoader] Buffer 1 Vertex 0 Raw Hex: F0 9D BA 96 
D2TGXLoader.js:1301 [D2TGXLoader] Buffer 1 Vertex 1 Raw Hex: F0 9D BA 96 
D2TGXLoader.js:1301 [D2TGXLoader] Buffer 1 Vertex 2 Raw Hex: 17 A8 BA 96 
D2TGXLoader.js:1301 [D2TGXLoader] Buffer 1 Vertex 3 Raw Hex: A7 A4 BA 96 
D2TGXLoader.js:1301 [D2TGXLoader] Buffer 1 Vertex 4 Raw Hex: 47 A1 BA 96 
D2TGXLoader.js:1301 [D2TGXLoader] Buffer 1 Vertex 5 Raw Hex: 17 A8 BA 96 
D2TGXLoader.js:1301 [D2TGXLoader] Buffer 1 Vertex 6 Raw Hex: A7 A4 BA 96 
D2TGXLoader.js:1301 [D2TGXLoader] Buffer 1 Vertex 7 Raw Hex: 47 A1 BA 96 
D2TGXLoader.js:841 [D2TGXLoader] UV Transform - Scale: 0.4960, 0.4960 Offset: 0.5006, 0.5003
D2TGXLoader.js:842 [D2TGXLoader] VertexBuffer: 4558 vertices
D2TGXLoader.js:865 [D2TGXLoader] Sample vertex position values: X: 0.0804 Y: 0.0789 Z: 0.6161 W: 2049.0000
D2TGXLoader.js:884 [D2TGXLoader] Vertex 0 Final UV: 0.1206, 0.0923 (Raw: -0.7661366618854335, -0.8224738303781244)
D2TGXLoader.js:884 [D2TGXLoader] Vertex 1 Final UV: 0.1206, 0.0923 (Raw: -0.7661366618854335, -0.8224738303781244)
D2TGXLoader.js:884 [D2TGXLoader] Vertex 2 Final UV: 0.1600, 0.0923 (Raw: -0.6868190557573168, -0.8224738303781244)
D2TGXLoader.js:884 [D2TGXLoader] Vertex 3 Final UV: 0.1467, 0.0923 (Raw: -0.7136753440961944, -0.8224738303781244)
D2TGXLoader.js:884 [D2TGXLoader] Vertex 4 Final UV: 0.1336, 0.0923 (Raw: -0.7400433362834559, -0.8224738303781244)
D2TGXLoader.js:884 [D2TGXLoader] Vertex 5 Final UV: 0.1600, 0.0923 (Raw: -0.6868190557573168, -0.8224738303781244)
D2TGXLoader.js:884 [D2TGXLoader] Vertex 6 Final UV: 0.1467, 0.0923 (Raw: -0.7136753440961944, -0.8224738303781244)
D2TGXLoader.js:884 [D2TGXLoader] Vertex 7 Final UV: 0.1336, 0.0923 (Raw: -0.7400433362834559, -0.8224738303781244)
D2TGXLoader.js:1168 [D2TGXLoader] Part 0 content(JSON):  {"shader":{"type":7},"variant_shader_index":-1,"start_index":0,"index_count":7597,"index_min":0,"index_max":0,"flags":16386,"gear_dye_change_color_index":0,"external_identifier":0,"primitive_type":5,"lod_category":{"value":0,"name":"_lod_category_0"},"lod_run":1}
D2TGXLoader.js:1009 [D2TGXLoader] Material slot 0: Primary=[0.79,0.87,1.00,1.00] Secondary=[0.06,0.06,0.08,1.00]
D2TGXLoader.js:1135 [D2TGXLoader] Material[0]Slot:0 Pri:true Color: [0.79,0.87,1.00,1.00] Tex:716505645_hun_security_top_legs_gbit_1024_512_0 
D2TGXLoader.js:1168 [D2TGXLoader] Part 4 content(JSON):  {"shader":{"type":7},"variant_shader_index":-1,"start_index":0,"index_count":7597,"index_min":0,"index_max":0,"flags":16386,"gear_dye_change_color_index":0,"external_identifier":0,"primitive_type":5,"lod_category":{"value":0,"name":"_lod_category_0"},"lod_run":1}
D2TGXLoader.js:1224 [D2TGXLoader] Using imported vertex normals
D2TGXLoader.js:1230 [D2TGXLoader] Created multi - material mesh: 4558 verts, 9228 tris
D2TGXLoader.js:417 [D2TGXLoader] Got gear asset for 1109145282
D2TGXLoader.js:370 [D2TGXLoader] Loading shader dyes for hash: 4248210736
D2TGXLoader.js:433 [D2TGXLoader] Fetching shader definition: 4248210736
D2TGXLoader.js:442 [D2TGXLoader] Shader definition response keys: Array(37)
D2TGXLoader.js:449 [D2TGXLoader] Shader definition: {"displayProperties":{"description":"Restores your gear to its default colors.","name":"Default Shader","icon":"/common/destiny2_content/icons/96831e244728f0350340bb7d5d05b463.png","iconHash":549360680,"hasIcon":true},"tooltipNotifications":[],"backgroundColor":{"red":178,"green":178,"blue":178,"alpha":255},"isFeaturedItem":false,"isHolofoil":false,"isAdept":false,"itemTypeDisplayName":"Restore Defaults","flavorText":"","uiItemDisplayStyle":"","itemTypeAndTierDisplayName":"Common Restore Default
D2TGXLoader.js:507 [D2TGXLoader] Found backgroundColor: Object
D2TGXLoader.js:513 [D2TGXLoader] Shader display: Default Shader
D2TGXLoader.js:518 [D2TGXLoader] Investment stats count: 0
D2TGXLoader.js:459 [D2TGXLoader] No colors found in shader definition, checking preview...
D2TGXLoader.js:463 [D2TGXLoader] Shader preview: Object
D2TGXLoader.js:466 [D2TGXLoader] Shader plug: Object
D2TGXLoader.js:552 [D2TGXLoader] Loading gear dye data: http://localhost:5050/api/gear/a6c959918ae36e1ede1d06768bd92952
D2TGXLoader.js:561 [D2TGXLoader] Got gear data keys: Array(4)
D2TGXLoader.js:579 [D2TGXLoader] default_dyes: 3 dyes
D2TGXLoader.js:602 [D2TGXLoader] Dye slot 0 primary: Array(4) secondary: Array(4)
D2TGXLoader.js:602 [D2TGXLoader] Dye slot 1 primary: Array(4) secondary: Array(4)
D2TGXLoader.js:602 [D2TGXLoader] Dye slot 2 primary: Array(4) secondary: Array(4)
D2TGXLoader.js:579 [D2TGXLoader] custom_dyes: 0 dyes
D2TGXLoader.js:579 [D2TGXLoader] locked_dyes: 0 dyes
D2TGXLoader.js:126 [D2TGXLoader] Extracted dyes by slot: Object
D2TGXLoader.js:182 [D2TGXLoader] Texture indices: Array(5)
D2TGXLoader.js:183 [D2TGXLoader] Dye indices: Array(7)
D2TGXLoader.js:184 [D2TGXLoader] All textures: 12
D2TGXLoader.js:190 [D2TGXLoader] Texture at index 7: 604ac6d2c2b4366c765638a5b6eac0bb.tgxm.bin
D2TGXLoader.js:190 [D2TGXLoader] Texture at index 8: 0f256b5978d1b23b75cd029cbc751a57.tgxm.bin
D2TGXLoader.js:190 [D2TGXLoader] Texture at index 9: 5006f1f5f652354bb4de6b88003e0fd0.tgxm.bin
D2TGXLoader.js:190 [D2TGXLoader] Texture at index 10: f7c5c56deecc6e1480d1957a53f22e6c.tgxm.bin
D2TGXLoader.js:190 [D2TGXLoader] Texture at index 11: d63ebac8c5cd6ef10a4fee0ee1732071.tgxm.bin
D2TGXLoader.js:197 [D2TGXLoader] Dye Texture at index 0: 1fbee5e30ebaea5e561aa25885eb6d02.tgxm.bin
D2TGXLoader.js:197 [D2TGXLoader] Dye Texture at index 1: 1b7c3b9f2b1fabe4565786014fe49315.tgxm.bin
D2TGXLoader.js:197 [D2TGXLoader] Dye Texture at index 2: 181930b7e79298c9b429e970d3e23c35.tgxm.bin
D2TGXLoader.js:197 [D2TGXLoader] Dye Texture at index 3: b08b92234705df729f0bd02e822d272d.tgxm.bin
D2TGXLoader.js:197 [D2TGXLoader] Dye Texture at index 4: f2ff24879c53e3cdfaedd6f14829dc97.tgxm.bin
D2TGXLoader.js:197 [D2TGXLoader] Dye Texture at index 5: 212a8358fd01c431dd82ef5ca4302952.tgxm.bin
D2TGXLoader.js:197 [D2TGXLoader] Dye Texture at index 6: 537de912d0ae9b457f39c42a9a3b6522.tgxm.bin
D2TGXLoader.js:201 [D2TGXLoader] Extracted texture paths: Object
D2TGXLoader.js:632 [D2TGXLoader] Using dye colors: Object
D2TGXLoader.js:641 [D2TGXLoader] Inspecting diffuse texture [0]: 604ac6d2c2b4366c765638a5b6eac0bb.tgxm.bin ...
D2TGXLoader.js:236 [D2TGXLoader] Loading texture TGXM: http://localhost:5050/api/geometry/platform/mobile/textures/604ac6d2c2b4366c765638a5b6eac0bb.tgxm.bin
D2TGXLoader.js:255 [D2TGXLoader] Texture TGXM has 1 files
D2TGXLoader.js:300 [D2TGXLoader] Loaded texture image: 2577232902_hun_security_top_class_gbit_1024_512_0 JPEG
D2TGXLoader.js:641 [D2TGXLoader] Inspecting diffuse texture [1]: 0f256b5978d1b23b75cd029cbc751a57.tgxm.bin ...
D2TGXLoader.js:236 [D2TGXLoader] Loading texture TGXM: http://localhost:5050/api/geometry/platform/mobile/textures/0f256b5978d1b23b75cd029cbc751a57.tgxm.bin
localhost:5050/api/geometry/platform/mobile/textures/0f256b5978d1b23b75cd029cbc751a57.tgxm.bin:1   Failed to load resource: the server responded with a status of 404 (Not Found)
D2TGXLoader.js:312  [D2TGXLoader] Failed to load texture TGXM: 0f256b5978d1b23b75cd029cbc751a57.tgxm.bin Error: HTTP 404
    at D2TGXLoader.loadTextureFromTGXM (D2TGXLoader.js:240:41)
    at async D2TGXLoader.loadItemGeometry (D2TGXLoader.js:644:41)
    at async D2TGXLoader.load (D2TGXLoader.js:390:34)
    at async loadGuardian (viewer.js:402:26)
loadTextureFromTGXM @ D2TGXLoader.js:312
D2TGXLoader.js:641 [D2TGXLoader] Inspecting diffuse texture [2]: 5006f1f5f652354bb4de6b88003e0fd0.tgxm.bin ...
D2TGXLoader.js:236 [D2TGXLoader] Loading texture TGXM: http://localhost:5050/api/geometry/platform/mobile/textures/5006f1f5f652354bb4de6b88003e0fd0.tgxm.bin
D2TGXLoader.js:255 [D2TGXLoader] Texture TGXM has 1 files
D2TGXLoader.js:300 [D2TGXLoader] Loaded texture image: 2577232902_hun_security_top_class_gbit_128_64_3 PNG
D2TGXLoader.js:641 [D2TGXLoader] Inspecting diffuse texture [3]: f7c5c56deecc6e1480d1957a53f22e6c.tgxm.bin ...
D2TGXLoader.js:641 [D2TGXLoader] Inspecting diffuse texture [4]: d63ebac8c5cd6ef10a4fee0ee1732071.tgxm.bin ...
D2TGXLoader.js:236 [D2TGXLoader] Loading texture TGXM: http://localhost:5050/api/geometry/platform/mobile/textures/d63ebac8c5cd6ef10a4fee0ee1732071.tgxm.bin
D2TGXLoader.js:255 [D2TGXLoader] Texture TGXM has 1 files
D2TGXLoader.js:300 [D2TGXLoader] Loaded texture image: 2503085780_laser_stripe02_ablend PNG
D2TGXLoader.js:672 [D2TGXLoader] Loading geometry indices: Array(2)
D2TGXLoader.js:717 [D2TGXLoader] Loading TGXM: http://localhost:5050/api/geometry/platform/mobile/geometry/bcebcf7f3e288103eac1d15587d26108.tgxm
D2TGXLoader.js:767 [D2TGXLoader] Files in TGXM: Array(5)
D2TGXLoader.js:824 [D2TGXLoader] IndexBuffer: 4017 indices
D2TGXLoader.js:1254 [D2TGXLoader] Number of vertex buffers: 2
D2TGXLoader.js:1257   Buffer 0: 0.0.vertexbuffer.tgx, stride = 32 
D2TGXLoader.js:1257   Buffer 1: 0.1.vertexbuffer.tgx, stride = 4 
D2TGXLoader.js:1281 [D2TGXLoader] Buffer 0 format elements: 
D2TGXLoader.js:1283   - _tfx_vb_semantic_position: type = _vertex_format_attribute_float4, normalized = false 
D2TGXLoader.js:1283   - _tfx_vb_semantic_normal: type = _vertex_format_attribute_short4, normalized = true 
D2TGXLoader.js:1283   - _tfx_vb_semantic_tangent: type = _vertex_format_attribute_short4, normalized = true 
D2TGXLoader.js:1281 [D2TGXLoader] Buffer 1 format elements: 
D2TGXLoader.js:1283   - _tfx_vb_semantic_texcoord: type = _vertex_format_attribute_short2, normalized = true 
D2TGXLoader.js:1301 [D2TGXLoader] Buffer 1 Vertex 0 Raw Hex: E4 5F 1F BD 
D2TGXLoader.js:1301 [D2TGXLoader] Buffer 1 Vertex 1 Raw Hex: 8E 60 86 B8 
D2TGXLoader.js:1301 [D2TGXLoader] Buffer 1 Vertex 2 Raw Hex: 83 60 96 B8 
D2TGXLoader.js:1301 [D2TGXLoader] Buffer 1 Vertex 3 Raw Hex: 13 62 30 B5 
D2TGXLoader.js:1301 [D2TGXLoader] Buffer 1 Vertex 4 Raw Hex: 13 61 27 B5 
D2TGXLoader.js:1301 [D2TGXLoader] Buffer 1 Vertex 5 Raw Hex: D0 59 5B A7 
D2TGXLoader.js:1301 [D2TGXLoader] Buffer 1 Vertex 6 Raw Hex: 1A 5D 26 A7 
D2TGXLoader.js:1301 [D2TGXLoader] Buffer 1 Vertex 7 Raw Hex: C7 59 03 A7 
D2TGXLoader.js:841 [D2TGXLoader] UV Transform - Scale: 0.4929, 0.4929 Offset: 0.5010, 0.6808
D2TGXLoader.js:842 [D2TGXLoader] VertexBuffer: 1331 vertices
D2TGXLoader.js:865 [D2TGXLoader] Sample vertex position values: X: -0.1787 Y: -0.0564 Z: 1.5051 W: 2049.0000
D2TGXLoader.js:884 [D2TGXLoader] Vertex 0 Final UV: 0.8702, 0.4233 (Raw: 0.7491683706167791, -0.522507400738548)
D2TGXLoader.js:884 [D2TGXLoader] Vertex 1 Final UV: 0.8728, 0.4056 (Raw: 0.7543565172276986, -0.5584276863917966)
D2TGXLoader.js:884 [D2TGXLoader] Vertex 2 Final UV: 0.8726, 0.4058 (Raw: 0.7540208136234626, -0.5579393902401807)
D2TGXLoader.js:884 [D2TGXLoader] Vertex 3 Final UV: 0.8786, 0.3927 (Raw: 0.7662282174138615, -0.5844904934842983)
D2TGXLoader.js:884 [D2TGXLoader] Vertex 4 Final UV: 0.8748, 0.3926 (Raw: 0.7584154789880062, -0.5847651600695822)
D2TGXLoader.js:884 [D2TGXLoader] Vertex 5 Final UV: 0.8468, 0.3395 (Raw: 0.7016815698721275, -0.6925565355388043)
D2TGXLoader.js:884 [D2TGXLoader] Vertex 6 Final UV: 0.8595, 0.3387 (Raw: 0.7273781548509171, -0.6941740165410322)
D2TGXLoader.js:884 [D2TGXLoader] Vertex 7 Final UV: 0.8467, 0.3381 (Raw: 0.7014069032868435, -0.695242164372692)
D2TGXLoader.js:1168 [D2TGXLoader] Part 0 content(JSON):  {"shader":{"static_textures":["1363171116_digital_cloud_plate"],"type":7},"variant_shader_index":-1,"start_index":0,"index_count":2341,"index_min":0,"index_max":0,"flags":16384,"gear_dye_change_color_index":0,"external_identifier":0,"primitive_type":5,"lod_category":{"value":0,"name":"_lod_category_0"},"lod_run":1}
D2TGXLoader.js:1009 [D2TGXLoader] Material slot 0: Primary=[0.79,0.87,1.00,1.00] Secondary=[0.06,0.06,0.08,1.00]
D2TGXLoader.js:1135 [D2TGXLoader] Material[0]Slot:0 Pri:true Color: [0.79,0.87,1.00,1.00] Tex:2577232902_hun_security_top_class_gbit_1024_512_0 
D2TGXLoader.js:1168 [D2TGXLoader] Part 3 content(JSON):  {"shader":{"type":7},"variant_shader_index":-1,"start_index":0,"index_count":2341,"index_min":0,"index_max":0,"flags":16384,"gear_dye_change_color_index":0,"external_identifier":0,"primitive_type":5,"lod_category":{"value":0,"name":"_lod_category_0"},"lod_run":1}
D2TGXLoader.js:1224 [D2TGXLoader] Using imported vertex normals
D2TGXLoader.js:1230 [D2TGXLoader] Created multi - material mesh: 1331 verts, 2948 tris
D2TGXLoader.js:717 [D2TGXLoader] Loading TGXM: http://localhost:5050/api/geometry/platform/mobile/geometry/60e17bce9befc290f63829523f4863c1.tgxm
D2TGXLoader.js:767 [D2TGXLoader] Files in TGXM: Array(6)
D2TGXLoader.js:824 [D2TGXLoader] IndexBuffer: 1104 indices
D2TGXLoader.js:1254 [D2TGXLoader] Number of vertex buffers: 3
D2TGXLoader.js:1257   Buffer 0: 0.0.vertexbuffer.tgx, stride = 48 
D2TGXLoader.js:1257   Buffer 1: 0.1.vertexbuffer.tgx, stride = 4 
D2TGXLoader.js:1257   Buffer 2: 0.2.vertexbuffer.tgx, stride = 8 
D2TGXLoader.js:1281 [D2TGXLoader] Buffer 0 format elements: 
D2TGXLoader.js:1283   - _tfx_vb_semantic_position: type = _vertex_format_attribute_float4, normalized = false 
D2TGXLoader.js:1283   - _tfx_vb_semantic_normal: type = _vertex_format_attribute_float4, normalized = false 
D2TGXLoader.js:1283   - _tfx_vb_semantic_tangent: type = _vertex_format_attribute_float4, normalized = false 
D2TGXLoader.js:1281 [D2TGXLoader] Buffer 1 format elements: 
D2TGXLoader.js:1283   - _tfx_vb_semantic_texcoord: type = _vertex_format_attribute_short2, normalized = true 
D2TGXLoader.js:1301 [D2TGXLoader] Buffer 1 Vertex 0 Raw Hex: 09 98 61 81 
D2TGXLoader.js:1301 [D2TGXLoader] Buffer 1 Vertex 1 Raw Hex: A2 95 34 82 
D2TGXLoader.js:1301 [D2TGXLoader] Buffer 1 Vertex 2 Raw Hex: 6C 95 6A 82 
D2TGXLoader.js:1301 [D2TGXLoader] Buffer 1 Vertex 3 Raw Hex: 38 96 24 83 
D2TGXLoader.js:1301 [D2TGXLoader] Buffer 1 Vertex 4 Raw Hex: DD 9B 21 86 
D2TGXLoader.js:1301 [D2TGXLoader] Buffer 1 Vertex 5 Raw Hex: 43 9C FB 80 
D2TGXLoader.js:1301 [D2TGXLoader] Buffer 1 Vertex 6 Raw Hex: AC A3 C2 80 
D2TGXLoader.js:1301 [D2TGXLoader] Buffer 1 Vertex 7 Raw Hex: DE A3 E5 85 
D2TGXLoader.js:1281 [D2TGXLoader] Buffer 2 format elements: 
D2TGXLoader.js:1283   - _tfx_vb_semantic_blendweight: type = _vertex_format_attribute_ubyte4, normalized = true 
D2TGXLoader.js:1283   - _tfx_vb_semantic_blendindices: type = _vertex_format_attribute_ubyte4, normalized = false 
D2TGXLoader.js:841 [D2TGXLoader] UV Transform - Scale: 0.4913, 0.4913 Offset: 0.5000, 0.5055
D2TGXLoader.js:842 [D2TGXLoader] VertexBuffer: 229 vertices
D2TGXLoader.js:865 [D2TGXLoader] Sample vertex position values: X: -0.1461 Y: -0.1795 Z: 1.4537 W: 1.0000
D2TGXLoader.js:884 [D2TGXLoader] Vertex 0 Final UV: 0.1009, 0.0195 (Raw: -0.8122501297036653, -0.989257484664449)
D2TGXLoader.js:884 [D2TGXLoader] Vertex 1 Final UV: 0.0917, 0.0226 (Raw: -0.8310190130314036, -0.9828180791650136)
D2TGXLoader.js:884 [D2TGXLoader] Vertex 2 Final UV: 0.0909, 0.0234 (Raw: -0.8326670125431074, -0.9811700796533097)
D2TGXLoader.js:884 [D2TGXLoader] Vertex 3 Final UV: 0.0939, 0.0262 (Raw: -0.826441236610004, -0.9754936368907743)
D2TGXLoader.js:884 [D2TGXLoader] Vertex 4 Final UV: 0.1156, 0.0377 (Raw: -0.782341990417188, -0.9521469771416364)
D2TGXLoader.js:884 [D2TGXLoader] Vertex 5 Final UV: 0.1171, 0.0179 (Raw: -0.7792291024506363, -0.9923703726310007)
D2TGXLoader.js:884 [D2TGXLoader] Vertex 6 Final UV: 0.1456, 0.0171 (Raw: -0.7213354899746697, -0.9941099276711325)
D2TGXLoader.js:884 [D2TGXLoader] Vertex 7 Final UV: 0.1463, 0.0368 (Raw: -0.7198095645008697, -0.9539780877101962)
D2TGXLoader.js:1168 [D2TGXLoader] Part 2 content(JSON):  {"shader":{"static_textures":["2503085780_laser_stripe02_ablend"],"type":2},"variant_shader_index":-1,"start_index":0,"index_count":729,"index_min":0,"index_max":0,"flags":0,"gear_dye_change_color_index":2,"external_identifier":0,"primitive_type":3,"lod_category":{"value":0,"name":"_lod_category_0"},"lod_run":1}
D2TGXLoader.js:1009 [D2TGXLoader] Material slot 1: Primary=[0.40,0.41,0.51,1.00] Secondary=[0.05,0.10,0.21,1.00]
D2TGXLoader.js:1135 [D2TGXLoader] Material[2]Slot:1 Pri:true Color: [0.40,0.41,0.51,1.00] Tex:2577232902_hun_security_top_class_gbit_1024_512_0 
D2TGXLoader.js:1168 [D2TGXLoader] Part 3 content(JSON):  {"shader":{"static_textures":["2503085780_laser_stripe02_ablend"],"type":2},"variant_shader_index":-1,"start_index":729,"index_count":375,"index_min":0,"index_max":0,"flags":0,"gear_dye_change_color_index":2,"external_identifier":0,"primitive_type":3,"lod_category":{"value":0,"name":"_lod_category_0"},"lod_run":1}
D2TGXLoader.js:1224 [D2TGXLoader] Using imported vertex normals
D2TGXLoader.js:1230 [D2TGXLoader] Created multi - material mesh: 229 verts, 736 tris
D2TGXLoader.js:401 [D2TGXLoader] Loaded 5 items
viewer.js:423 [Guardian3D] TGX Model center BEFORE: Lt
viewer.js:424 [Guardian3D] TGX Model size: Lt
viewer.js:435 [Guardian3D] TGX Model center AFTER: Lt
viewer.js:469 [Guardian3D] Real D2 model loaded!
D2TGXLoader.js:1124 [D2TGXLoader] Compiling Shader for [950096068_hun_security_top_head_gbit_512_512_0]
D2TGXLoader.js:1124 [D2TGXLoader] Compiling Shader for [4137609871_hun_security_top_arms_gbit_1024_512_0]
D2TGXLoader.js:1124 [D2TGXLoader] Compiling Shader for [3829789903_player_gloves_detail_overdif]
D2TGXLoader.js:1124 [D2TGXLoader] Compiling Shader for [4137609871_hun_security_top_arms_gbit_1024_512_0]
D2TGXLoader.js:1124 [D2TGXLoader] Compiling Shader for [1741735753_hun_security_top_chest_gbit_1024_512_0]
D2TGXLoader.js:1124 [D2TGXLoader] Compiling Shader for [716505645_hun_security_top_legs_gbit_1024_512_0]
D2TGXLoader.js:1124 [D2TGXLoader] Compiling Shader for [2577232902_hun_security_top_class_gbit_1024_512_0]
D2TGXLoader.js:1124 [D2TGXLoader] Compiling Shader for [2577232902_hun_security_top_class_gbit_1024_512_0]
